#
# There is insufficient memory for the Java Runtime Environment to continue.
# Native memory allocation (mmap) failed to map 536870912 bytes. Error detail: G1 virtual space
# Possible reasons:
#   The system is out of physical RAM or swap space
#   This process is running with CompressedOops enabled, and the Java Heap may be blocking the growth of the native heap
# Possible solutions:
#   Reduce memory load on the system
#   Increase physical memory or swap space
#   Check if swap backing store is full
#   Decrease Java heap size (-Xmx/-Xms)
#   Decrease number of Java threads
#   Decrease Java thread stack sizes (-Xss)
#   Set larger code cache with -XX:ReservedCodeCacheSize=
#   JVM is running with Zero Based Compressed Oops mode in which the Java heap is
#     placed in the first 32GB address space. The Java Heap base address is the
#     maximum limit for the native heap growth. Please use -XX:HeapBaseMinAddress
#     to set the Java Heap base and to place the Java Heap above 32GB virtual address.
# This output file may be truncated or incomplete.
#
#  Out of Memory Error (os_windows.cpp:3631), pid=15996, tid=8692
#
# JRE version:  (22.0.1+8) (build )
# Java VM: Java HotSpot(TM) 64-Bit Server VM (22.0.1+8-16, mixed mode, sharing, tiered, compressed oops, compressed class ptrs, g1 gc, windows-amd64)
# No core dump will be written. Minidumps are not enabled by default on client versions of Windows
#

---------------  S U M M A R Y ------------

Command Line: -Dmaven.multiModuleProjectDirectory=D:\Workspace\catering-manager-api -Djansi.passthrough=true -Dmaven.home=C:\Users\Cosmo\.m2\wrapper\dists\apache-maven-3.9.6-bin\439sdfsg2nbdob9ciift5h5nse\apache-maven-3.9.6 -Dclassworlds.conf=C:\Users\Cosmo\.m2\wrapper\dists\apache-maven-3.9.6-bin\439sdfsg2nbdob9ciift5h5nse\apache-maven-3.9.6\bin\m2.conf -Dmaven.ext.class.path=E:\Program Files\JetBrains\IntelliJ IDEA Community Edition 2024.3.2\plugins\maven\lib\maven-event-listener.jar -javaagent:E:\Program Files\JetBrains\IntelliJ IDEA Community Edition 2024.3.2\lib\idea_rt.jar=47369:E:\Program Files\JetBrains\IntelliJ IDEA Community Edition 2024.3.2\bin -Dfile.encoding=UTF-8 -Dsun.stdout.encoding=UTF-8 -Dsun.stderr.encoding=UTF-8 org.codehaus.classworlds.Launcher -Didea.version=2024.3.2 clean

Host: AMD Ryzen 7 5800X 8-Core Processor             , 16 cores, 31G,  Windows 10 , 64 bit Build 19041 (10.0.19041.5438)
Time: Sun Mar  9 20:03:57 2025 Romance Standard Time elapsed time: 0.015544 seconds (0d 0h 0m 0s)

---------------  T H R E A D  ---------------

Current thread (0x000001d444a72bb0):  JavaThread "Unknown thread" [_thread_in_vm, id=8692, stack(0x0000004fbdc00000,0x0000004fbdd00000) (1024K)]

Stack: [0x0000004fbdc00000,0x0000004fbdd00000]
Native frames: (J=compiled Java code, j=interpreted, Vv=VM code, C=native code)
V  [jvm.dll+0x6e2279]  (no source info available)
V  [jvm.dll+0x874e33]  (no source info available)
V  [jvm.dll+0x87725e]  (no source info available)
V  [jvm.dll+0x877933]  (no source info available)
V  [jvm.dll+0x27fd76]  (no source info available)
V  [jvm.dll+0x6de915]  (no source info available)
V  [jvm.dll+0x6d341a]  (no source info available)
V  [jvm.dll+0x3589da]  (no source info available)
V  [jvm.dll+0x360f06]  (no source info available)
V  [jvm.dll+0x3b3e2e]  (no source info available)
V  [jvm.dll+0x3b40d8]  (no source info available)
V  [jvm.dll+0x32c59c]  (no source info available)
V  [jvm.dll+0x32d158]  (no source info available)
V  [jvm.dll+0x83ccdc]  (no source info available)
V  [jvm.dll+0x3c0d71]  (no source info available)
V  [jvm.dll+0x825ccc]  (no source info available)
V  [jvm.dll+0x45b8fe]  (no source info available)
V  [jvm.dll+0x45d781]  (no source info available)
C  [jli.dll+0x52a3]  (no source info available)
C  [ucrtbase.dll+0x21bb2]  (no source info available)
C  [KERNEL32.DLL+0x17374]  (no source info available)
C  [ntdll.dll+0x4cc91]  (no source info available)


---------------  P R O C E S S  ---------------

Threads class SMR info:
_java_thread_list=0x00007ff81db3b1c8, length=0, elements={
}

Java Threads: ( => current thread )
Total: 0

Other Threads:
  0x000001d444b1ca90 WorkerThread "GC Thread#0"                     [id=12760, stack(0x0000004fbdd00000,0x0000004fbde00000) (1024K)]
  0x000001d444b2d990 ConcurrentGCThread "G1 Main Marker"            [id=21048, stack(0x0000004fbde00000,0x0000004fbdf00000) (1024K)]
  0x000001d444b2e2b0 WorkerThread "G1 Conc#0"                       [id=19724, stack(0x0000004fbdf00000,0x0000004fbe000000) (1024K)]

[error occurred during error reporting (printing all threads), id 0xc0000005, EXCEPTION_ACCESS_VIOLATION (0xc0000005) at pc=0x00007ff81d28f367]
VM state: not at safepoint (not fully initialized)

VM Mutex/Monitor currently owned by a thread:  ([mutex/lock_event])
[0x00007ff81dbbbcb8] Heap_lock - owner thread: 0x000001d444a72bb0

Heap address: 0x0000000601400000, size: 8172 MB, Compressed Oops mode: Zero based, Oop shift amount: 3

CDS archive(s) mapped at: [0x0000000000000000-0x0000000000000000-0x0000000000000000), size 0, SharedBaseAddress: 0x0000000800000000, ArchiveRelocationMode: 1.
Narrow klass base: 0x0000000000000000, Narrow klass shift: 0, Narrow klass range: 0x0

GC Precious Log:
 CardTable entry size: 512
 Card Set container configuration: InlinePtr #cards 4 size 8 Array Of Cards #cards 32 size 80 Howl #buckets 8 coarsen threshold 7372 Howl Bitmap #cards 1024 size 144 coarsen threshold 921 Card regions per heap region 1 cards per card region 8192

Heap:
 garbage-first heap   total reserved 8368128K, committed 0K, used 0K [0x0000000601400000, 0x0000000800000000)
  region size 4096K, 0 young (0K), 0 survivors (0K)

[error occurred during error reporting (printing heap information), id 0xc0000005, EXCEPTION_ACCESS_VIOLATION (0xc0000005) at pc=0x00007ff81d68e429]
GC Heap History (0 events):
No events

Dll operation events (1 events):
Event: 0.005 Loaded shared library E:\Program Files\Java\jdk-22\bin\java.dll

Deoptimization events (0 events):
No events

Classes loaded (0 events):
No events

Classes unloaded (0 events):
No events

Classes redefined (0 events):
No events

Internal exceptions (0 events):
No events

ZGC Phase Switch (0 events):
No events

VM Operations (0 events):
No events

Events (0 events):
No events


Dynamic libraries:
0x00007ff741a90000 - 0x00007ff741aa0000 	E:\Program Files\Java\jdk-22\bin\java.exe
0x00007ff8d1c50000 - 0x00007ff8d1e48000 	C:\WINDOWS\SYSTEM32\ntdll.dll
0x00007ff8d1150000 - 0x00007ff8d1212000 	C:\WINDOWS\System32\KERNEL32.DLL
0x00007ff8cf340000 - 0x00007ff8cf63f000 	C:\WINDOWS\System32\KERNELBASE.dll
0x00007ff8cfa50000 - 0x00007ff8cfb50000 	C:\WINDOWS\System32\ucrtbase.dll
0x00007ff8974e0000 - 0x00007ff8974f7000 	E:\Program Files\Java\jdk-22\bin\jli.dll
0x00007ff893120000 - 0x00007ff89313b000 	E:\Program Files\Java\jdk-22\bin\VCRUNTIME140.dll
0x00007ff8d18a0000 - 0x00007ff8d194f000 	C:\WINDOWS\System32\ADVAPI32.dll
0x00007ff8d0100000 - 0x00007ff8d019e000 	C:\WINDOWS\System32\msvcrt.dll
0x00007ff8d0940000 - 0x00007ff8d09df000 	C:\WINDOWS\System32\sechost.dll
0x00007ff8d0600000 - 0x00007ff8d0723000 	C:\WINDOWS\System32\RPCRT4.dll
0x00007ff8cf640000 - 0x00007ff8cf667000 	C:\WINDOWS\System32\bcrypt.dll
0x00007ff8d0740000 - 0x00007ff8d08dd000 	C:\WINDOWS\System32\USER32.dll
0x00007ff8bfac0000 - 0x00007ff8bfd5a000 	C:\WINDOWS\WinSxS\amd64_microsoft.windows.common-controls_6595b64144ccf1df_6.0.19041.4355_none_60b8b9eb71f62e16\COMCTL32.dll
0x00007ff8cf7d0000 - 0x00007ff8cf7f2000 	C:\WINDOWS\System32\win32u.dll
0x00007ff8d1230000 - 0x00007ff8d125b000 	C:\WINDOWS\System32\GDI32.dll
0x00007ff8cfb50000 - 0x00007ff8cfc6a000 	C:\WINDOWS\System32\gdi32full.dll
0x00007ff8cf8b0000 - 0x00007ff8cf94d000 	C:\WINDOWS\System32\msvcp_win.dll
0x00007ff8c89d0000 - 0x00007ff8c89da000 	C:\WINDOWS\SYSTEM32\VERSION.dll
0x00007ff8d1390000 - 0x00007ff8d13bf000 	C:\WINDOWS\System32\IMM32.DLL
0x00007ff89bbb0000 - 0x00007ff89bbbc000 	E:\Program Files\Java\jdk-22\bin\vcruntime140_1.dll
0x00007ff8638c0000 - 0x00007ff86394e000 	E:\Program Files\Java\jdk-22\bin\msvcp140.dll
0x00007ff81cf50000 - 0x00007ff81dc97000 	E:\Program Files\Java\jdk-22\bin\server\jvm.dll
0x00007ff8d01a0000 - 0x00007ff8d020b000 	C:\WINDOWS\System32\WS2_32.dll
0x00007ff8ce850000 - 0x00007ff8ce89b000 	C:\WINDOWS\SYSTEM32\POWRPROF.dll
0x00007ff8c70e0000 - 0x00007ff8c7107000 	C:\WINDOWS\SYSTEM32\WINMM.dll
0x00007ff8ce6c0000 - 0x00007ff8ce6d2000 	C:\WINDOWS\SYSTEM32\UMPDC.dll
0x00007ff8cd150000 - 0x00007ff8cd162000 	C:\WINDOWS\SYSTEM32\kernel.appcore.dll
0x00007ff89b780000 - 0x00007ff89b78a000 	E:\Program Files\Java\jdk-22\bin\jimage.dll
0x00007ff8c7ac0000 - 0x00007ff8c7ca4000 	C:\WINDOWS\SYSTEM32\DBGHELP.DLL
0x00007ff8c3f20000 - 0x00007ff8c3f54000 	C:\WINDOWS\SYSTEM32\dbgcore.DLL
0x00007ff8cf950000 - 0x00007ff8cf9d2000 	C:\WINDOWS\System32\bcryptPrimitives.dll
0x00007ff8cb550000 - 0x00007ff8cb55f000 	E:\Program Files\Java\jdk-22\bin\instrument.dll
0x00007ff891a70000 - 0x00007ff891a8e000 	E:\Program Files\Java\jdk-22\bin\java.dll
0x00007ff8d09e0000 - 0x00007ff8d114d000 	C:\WINDOWS\System32\SHELL32.dll
0x00007ff8d1260000 - 0x00007ff8d138b000 	C:\WINDOWS\System32\ole32.dll
0x00007ff8d0220000 - 0x00007ff8d0575000 	C:\WINDOWS\System32\combase.dll

dbghelp: loaded successfully - version: 4.0.5 - missing functions: none
symbol engine: initialized successfully - sym options: 0x614 - pdb path: .;E:\Program Files\Java\jdk-22\bin;C:\WINDOWS\SYSTEM32;C:\WINDOWS\WinSxS\amd64_microsoft.windows.common-controls_6595b64144ccf1df_6.0.19041.4355_none_60b8b9eb71f62e16;E:\Program Files\Java\jdk-22\bin\server

VM Arguments:
jvm_args: -Dmaven.multiModuleProjectDirectory=D:\Workspace\catering-manager-api -Djansi.passthrough=true -Dmaven.home=C:\Users\Cosmo\.m2\wrapper\dists\apache-maven-3.9.6-bin\439sdfsg2nbdob9ciift5h5nse\apache-maven-3.9.6 -Dclassworlds.conf=C:\Users\Cosmo\.m2\wrapper\dists\apache-maven-3.9.6-bin\439sdfsg2nbdob9ciift5h5nse\apache-maven-3.9.6\bin\m2.conf -Dmaven.ext.class.path=E:\Program Files\JetBrains\IntelliJ IDEA Community Edition 2024.3.2\plugins\maven\lib\maven-event-listener.jar -javaagent:E:\Program Files\JetBrains\IntelliJ IDEA Community Edition 2024.3.2\lib\idea_rt.jar=47369:E:\Program Files\JetBrains\IntelliJ IDEA Community Edition 2024.3.2\bin -Dfile.encoding=UTF-8 -Dsun.stdout.encoding=UTF-8 -Dsun.stderr.encoding=UTF-8 
java_command: org.codehaus.classworlds.Launcher -Didea.version=2024.3.2 clean
java_class_path (initial): C:\Users\Cosmo\.m2\wrapper\dists\apache-maven-3.9.6-bin\439sdfsg2nbdob9ciift5h5nse\apache-maven-3.9.6\boot\plexus-classworlds-2.7.0.jar;C:\Users\Cosmo\.m2\wrapper\dists\apache-maven-3.9.6-bin\439sdfsg2nbdob9ciift5h5nse\apache-maven-3.9.6\boot\plexus-classworlds.license
Launcher Type: SUN_STANDARD

[Global flags]
     intx CICompilerCount                          = 12                                        {product} {ergonomic}
     uint ConcGCThreads                            = 3                                         {product} {ergonomic}
     uint G1ConcRefinementThreads                  = 13                                        {product} {ergonomic}
   size_t G1HeapRegionSize                         = 4194304                                   {product} {ergonomic}
   size_t InitialHeapSize                          = 536870912                                 {product} {ergonomic}
   size_t MarkStackSize                            = 4194304                                   {product} {ergonomic}
   size_t MaxHeapSize                              = 8568963072                                {product} {ergonomic}
   size_t MinHeapDeltaBytes                        = 4194304                                   {product} {ergonomic}
   size_t MinHeapSize                              = 8388608                                   {product} {ergonomic}
    uintx NonNMethodCodeHeapSize                   = 7602480                                {pd product} {ergonomic}
    uintx NonProfiledCodeHeapSize                  = 122027880                              {pd product} {ergonomic}
    uintx ProfiledCodeHeapSize                     = 122027880                              {pd product} {ergonomic}
    uintx ReservedCodeCacheSize                    = 251658240                              {pd product} {ergonomic}
     bool SegmentedCodeCache                       = true                                      {product} {ergonomic}
   size_t SoftMaxHeapSize                          = 8568963072                             {manageable} {ergonomic}
     bool UseCompressedOops                        = true                           {product lp64_product} {ergonomic}
     bool UseG1GC                                  = true                                      {product} {ergonomic}
     bool UseLargePagesIndividualAllocation        = false                                  {pd product} {ergonomic}

Logging:
Log output configuration:
 #0: stdout all=warning uptime,level,tags foldmultilines=false
 #1: stderr all=off uptime,level,tags foldmultilines=false

Environment Variables:
JAVA_HOME=C:\Program Files\Java\Java8u262-b10
PATH=C:\Program Files\Common Files\Oracle\Java\javapath;C:\Windows\system32;C:\Windows;C:\Windows\System32\Wbem;C:\Windows\System32\WindowsPowerShell\v1.0\;C:\Windows\System32\OpenSSH\;C:\Program Files (x86)\NVIDIA Corporation\PhysX\Common;C:\DEV\flutter\bin;C:\Users\Cosmo\AppData\Roaming\npm;E:\Program Files\Git\cmd;C:\Program Files\Java\Java8u262-b10\bin;e:\Program Files\Kubernetes\Minikube;E:\Windows Kits\10\Windows Performance Toolkit\;C:\Program Files\dotnet\;C:\WINDOWS\system32;C:\WINDOWS;C:\WINDOWS\System32\Wbem;C:\WINDOWS\System32\WindowsPowerShell\v1.0\;C:\WINDOWS\System32\OpenSSH\;C:\Program Files\Calibre2\;C:\Program Files\NVIDIA Corporation\NVIDIA NvDLISR;C:\Program Files\Docker\Docker\resources\bin;E:\Users\Cosmo\AppData\Local\nvm;E:\nvm4w\nodejs;E:\Ruby31-x64\bin;C:\WINDOWS\system32\config\systemprofile\AppData\Local\Microsoft\WindowsApps;C:\Users\Cosmo\AppData\Local\Programs\Microsoft VS Code\bin;E:\Program Files\JetBrains\IntelliJ IDEA Community Edition 2024.3.2\bin;;C:\WINDOWS\system32\config\systemprofile\.dotnet\tools;E:\Users\Cosmo\AppData\Local\Programs\Lens\resources\cli\bin;E:\Users\Cosmo\AppData\Local\nvm;E:\nvm4w\nodejs;C:\Program Files\OpenSSL-Win64\bin;;E:\Program Files\JetBrains\WebStorm 2024.3.4\bin;
USERNAME=Cosmo
OS=Windows_NT
PROCESSOR_IDENTIFIER=AMD64 Family 25 Model 33 Stepping 0, AuthenticAMD
TMP=C:\Users\Cosmo\AppData\Local\Temp
TEMP=C:\Users\Cosmo\AppData\Local\Temp




Periodic native trim disabled

---------------  S Y S T E M  ---------------

OS:
 Windows 10 , 64 bit Build 19041 (10.0.19041.5438)
OS uptime: 9 days 6:51 hours
Hyper-V role detected

CPU: total 16 (initial active 16) (16 cores per cpu, 2 threads per core) family 25 model 33 stepping 0 microcode 0x0, cx8, cmov, fxsr, ht, mmx, 3dnowpref, sse, sse2, sse3, ssse3, sse4a, sse4.1, sse4.2, popcnt, lzcnt, tsc, tscinvbit, avx, avx2, aes, erms, clmul, bmi1, bmi2, adx, sha, fma, vzeroupper, clflush, clflushopt, hv, rdtscp, rdpid, fsrm, f16c, cet_ss
Processor Information for all 16 processors :
  Max Mhz: 3801, Current Mhz: 3801, Mhz Limit: 3801

Memory: 4k page, system-wide physical 32680M (3605M free)
TotalPageFile size 62342M (AvailPageFile size 370M)
current process WorkingSet (physical memory assigned to process): 12M, peak: 12M
current process commit charge ("private bytes"): 71M, peak: 583M

vm_info: Java HotSpot(TM) 64-Bit Server VM (22.0.1+8-16) for windows-amd64 JRE (22.0.1+8-16), built on 2024-03-12T10:33:16Z by "mach5one" with MS VC++ 17.6 (VS2022)

END.
